<?xml version="1.0" encoding="UTF-8"?>
<testsuite xmlns:xsi="http://www.w3.org/2001/XMLSchema-instance" xsi:noNamespaceSchemaLocation="https://maven.apache.org/surefire/maven-surefire-plugin/xsd/surefire-test-report.xsd" version="3.0.1" name="com.thomazcollet.service.FocusSessionServiceTest" time="1.71" tests="4" errors="0" skipped="0" failures="0">
  <properties>
[...]
</properties>
  <testcase name="shouldClearActiveSessionAfterFinalization" classname="com.thomazcollet.service.FocusSessionServiceTest" time="1.68">
    <system-out><![CDATA[16:31:39.543 [main] INFO com.thomazcollet.service.FocusSessionService -- Registro de sessão iniciado: FOCUS (ID: null)
16:31:39.546 [main] INFO com.thomazcollet.service.FocusSessionService -- Sessão finalizada e persistida: FOCUS (ID: null, Completada: true)
16:31:39.546 [main] WARN com.thomazcollet.service.FocusSessionService -- Tentativa de finalizar uma sessão sem nenhuma ativa em memória.
]]></system-out>
    <system-err><![CDATA[WARNING: A Java agent has been loaded dynamically (C:\Users\DaniC\.m2\repository\net\bytebuddy\byte-buddy-agent\1.14.12\byte-buddy-agent-1.14.12.jar)
WARNING: If a serviceability tool is in use, please run with -XX:+EnableDynamicAgentLoading to hide this warning
WARNING: If a serviceability tool is not in use, please run with -Djdk.instrument.traceUsage for more information
WARNING: Dynamic loading of agents will be disallowed by default in a future release
]]></system-err>
  </testcase>
  <testcase name="shouldCreateAndSaveNewSessionOnStart" classname="com.thomazcollet.service.FocusSessionServiceTest" time="0.007">
    <system-out><![CDATA[16:31:39.577 [main] INFO com.thomazcollet.service.FocusSessionService -- Registro de sessão iniciado: FOCUS (ID: null)
]]></system-out>
  </testcase>
  <testcase name="shouldUpdateExistingSessionWithFinalizationData" classname="com.thomazcollet.service.FocusSessionServiceTest" time="0.01">
    <system-out><![CDATA[16:31:39.584 [main] INFO com.thomazcollet.service.FocusSessionService -- Registro de sessão iniciado: FOCUS (ID: null)
16:31:39.585 [main] INFO com.thomazcollet.service.FocusSessionService -- Sessão finalizada e persistida: FOCUS (ID: null, Completada: true)
]]></system-out>
  </testcase>
  <testcase name="shouldNotCallRepositoryWhenFinalizingWithoutActiveSession" classname="com.thomazcollet.service.FocusSessionServiceTest" time="0.004">
    <system-out><![CDATA[16:31:39.598 [main] WARN com.thomazcollet.service.FocusSessionService -- Tentativa de finalizar uma sessão sem nenhuma ativa em memória.
]]></system-out>
  </testcase>
</testsuite>