<?xml version="1.0" encoding="UTF-8"?>
<testsuite xmlns:xsi="http://www.w3.org/2001/XMLSchema-instance" xsi:noNamespaceSchemaLocation="https://maven.apache.org/surefire/maven-surefire-plugin/xsd/surefire-test-report.xsd" version="3.0.1" name="com.thomazcollet.infra.database.DatabaseInitializerTest" time="0.459" tests="1" errors="0" skipped="0" failures="0">
  <properties>
[...]
</properties>
  <testcase name="shouldInitializeDatabaseAndCreateTables" classname="com.thomazcollet.infra.database.DatabaseInitializerTest" time="0.454">
    <system-out><![CDATA[02:01:03.638 [main] INFO com.thomazcollet.infra.database.DatabaseInitializer -- Iniciando verificação e configuração do banco de dados...
02:01:03.932 [main] INFO com.thomazcollet.infra.database.DatabaseInitializer -- Banco de dados verificado com sucesso.
]]></system-out>
  </testcase>
</testsuite>